2015-01-14 15:36:16 : PayFast ITN call received
2015-01-14 15:36:16 : Get posted data
2015-01-14 15:36:16 : PayFast Data: Array
(
    [m_payment_id] => 3-2-5
    [pf_payment_id] => 54498
    [payment_status] => COMPLETE
    [item_name] => Testing
    [item_description] => Test
    [amount_gross] => 165.00
    [amount_fee] => -3.76
    [amount_net] => 161.24
    [custom_str1] => 
    [custom_str2] => 
    [custom_str3] => 
    [custom_str4] => 
    [custom_str5] => 
    [custom_int1] => 
    [custom_int2] => 
    [custom_int3] => 
    [custom_int4] => 
    [custom_int5] => 
    [name_first] => don
    [name_last] => blobson
    [email_address] => test@test.com
    [merchant_id] => 10000100
    [signature] => b8ffb4637f64658b5e331a7145ebbcad
)

2015-01-14 15:36:16 : Verify security signature
2015-01-14 15:36:16 : Signature = valid
2015-01-14 15:36:16 : Verify data received
2015-01-14 15:36:16 : Host = www.payfast.local
2015-01-14 15:36:16 : Params = m_payment_id=3-2-5&pf_payment_id=54498&payment_status=COMPLETE&item_name=Testing&item_description=Test&amount_gross=165.00&amount_fee=-3.76&amount_net=161.24&custom_str1=&custom_str2=&custom_str3=&custom_str4=&custom_str5=&custom_int1=&custom_int2=&custom_int3=&custom_int4=&custom_int5=&name_first=don&name_last=blobson&email_address=test%40test.com&merchant_id=10000100
2015-01-14 15:36:16 : Response: VALID
2015-01-14 15:36:16 : Check data against internal order
2015-01-14 15:36:16 : Check status and update order
2015-01-14 15:36:16 : - Complete
2015-01-14 15:41:02 : PayFast ITN call received
2015-01-14 15:41:02 : Get posted data
2015-01-14 15:41:02 : PayFast Data: Array
(
    [m_payment_id] => 3-2-5
    [pf_payment_id] => 54499
    [payment_status] => COMPLETE
    [item_name] => Testing
    [item_description] => Test
    [amount_gross] => 165.00
    [amount_fee] => -3.76
    [amount_net] => 161.24
    [custom_str1] => 
    [custom_str2] => 
    [custom_str3] => 
    [custom_str4] => 
    [custom_str5] => 
    [custom_int1] => 
    [custom_int2] => 
    [custom_int3] => 
    [custom_int4] => 
    [custom_int5] => 
    [name_first] => don
    [name_last] => blobson
    [email_address] => test@test.com
    [merchant_id] => 10000100
    [signature] => a2267304fc7dee627f14f4b0b959c173
)

2015-01-14 15:41:02 : Verify security signature
2015-01-14 15:41:02 : Signature = valid
2015-01-14 15:41:02 : Verify data received
2015-01-14 15:41:02 : Host = www.payfast.local
2015-01-14 15:41:02 : Params = m_payment_id=3-2-5&pf_payment_id=54499&payment_status=COMPLETE&item_name=Testing&item_description=Test&amount_gross=165.00&amount_fee=-3.76&amount_net=161.24&custom_str1=&custom_str2=&custom_str3=&custom_str4=&custom_str5=&custom_int1=&custom_int2=&custom_int3=&custom_int4=&custom_int5=&name_first=don&name_last=blobson&email_address=test%40test.com&merchant_id=10000100
2015-01-14 15:41:02 : Response: VALID
2015-01-14 15:41:02 : Check data against internal order
2015-01-14 15:41:02 : Check status and update order
2015-01-14 15:41:02 : - Complete
2015-01-14 16:15:22 : PayFast ITN call received
2015-01-14 16:15:22 : Get posted data
2015-01-14 16:15:22 : PayFast Data: Array
(
    [m_payment_id] => 3-2-6
    [pf_payment_id] => 54500
    [payment_status] => COMPLETE
    [item_name] => Testing
    [item_description] => Test
    [amount_gross] => 125.00
    [amount_fee] => -2.85
    [amount_net] => 122.15
    [custom_str1] => 
    [custom_str2] => 
    [custom_str3] => 
    [custom_str4] => 
    [custom_str5] => 
    [custom_int1] => 
    [custom_int2] => 
    [custom_int3] => 
    [custom_int4] => 
    [custom_int5] => 
    [name_first] => 11
    [name_last] => Joe
    [email_address] => captain2@starship.co.za
    [merchant_id] => 10000100
    [signature] => 94725cb315c3381a411a10bccec72e6d
)

2015-01-14 16:15:22 : Verify security signature
2015-01-14 16:15:22 : Signature = valid
2015-01-14 16:15:22 : Verify data received
2015-01-14 16:15:22 : Host = sandbox.payfast.local
2015-01-14 16:15:22 : Params = m_payment_id=3-2-6&pf_payment_id=54500&payment_status=COMPLETE&item_name=Testing&item_description=Test&amount_gross=125.00&amount_fee=-2.85&amount_net=122.15&custom_str1=&custom_str2=&custom_str3=&custom_str4=&custom_str5=&custom_int1=&custom_int2=&custom_int3=&custom_int4=&custom_int5=&name_first=11&name_last=Joe&email_address=captain2%40starship.co.za&merchant_id=10000100
2015-01-14 16:15:22 : Response: VALID
2015-01-14 16:15:22 : Check data against internal order
2015-01-14 16:15:22 : Check status and update order
2015-01-14 16:15:22 : - Complete
2015-01-14 16:21:43 : PayFast ITN call received
2015-01-14 16:21:43 : Get posted data
2015-01-14 16:21:43 : PayFast Data: Array
(
    [m_payment_id] => 3-2-6
    [pf_payment_id] => 54501
    [payment_status] => COMPLETE
    [item_name] => Testing
    [item_description] => Test
    [amount_gross] => 125.00
    [amount_fee] => -2.85
    [amount_net] => 122.15
    [custom_str1] => 
    [custom_str2] => 
    [custom_str3] => 
    [custom_str4] => 
    [custom_str5] => 
    [custom_int1] => 
    [custom_int2] => 
    [custom_int3] => 
    [custom_int4] => 
    [custom_int5] => 
    [name_first] => 11
    [name_last] => Joe
    [email_address] => captain2@starship.co.za
    [merchant_id] => 10000100
    [signature] => ce00669c57fdc60c0cda107117347a1e
)

2015-01-14 16:21:43 : Verify security signature
2015-01-14 16:21:43 : Signature = valid
2015-01-14 16:21:43 : Verify data received
2015-01-14 16:21:43 : Host = sandbox.payfast.local
2015-01-14 16:21:43 : Params = m_payment_id=3-2-6&pf_payment_id=54501&payment_status=COMPLETE&item_name=Testing&item_description=Test&amount_gross=125.00&amount_fee=-2.85&amount_net=122.15&custom_str1=&custom_str2=&custom_str3=&custom_str4=&custom_str5=&custom_int1=&custom_int2=&custom_int3=&custom_int4=&custom_int5=&name_first=11&name_last=Joe&email_address=captain2%40starship.co.za&merchant_id=10000100
2015-01-14 16:21:44 : Response: VALID
2015-01-14 16:21:44 : Check data against internal order
2015-01-14 16:21:44 : Check status and update order
2015-01-14 16:21:44 : - Complete
